
**** Build of configuration Nios II for project hello_world2 ****

make all 
Info: Building ../hello_world2_bsp/
make --no-print-directory -C ../hello_world2_bsp/
[BSP build complete]
Info: Compiling hello_world.c to obj/default/hello_world.o
nios2-elf-gcc -xc -MP -MMD -c -I../hello_world2_bsp//HAL/inc -I../hello_world2_bsp/ -I../hello_world2_bsp//drivers/inc  -DSYSTEM_BUS_WIDTH=32 -pipe -D__hal__ -DALT_NO_C_PLUS_PLUS -DALT_NO_INSTRUCTION_EMULATION -DALT_USE_SMALL_DRIVERS -DSMALL_C_LIB -DALT_SINGLE_THREADED    -O0 -g -Wall   -EL -mno-hw-div -mhw-mul -mno-hw-mulx  -o obj/default/hello_world.o hello_world.c
Info: Linking hello_world2.elf
nios2-elf-g++  -T'../hello_world2_bsp//linker.x' -msys-crt0='../hello_world2_bsp//obj/HAL/src/crt0.o' -msys-lib=hal_bsp -L../hello_world2_bsp/  -msmallc  -Wl,-Map=hello_world2.map   -O0 -g -Wall   -EL -mno-hw-div -mhw-mul -mno-hw-mulx  -o hello_world2.elf obj/default/hello_world.o -lm 
nios2-elf-insert hello_world2.elf --thread_model hal --cpu_name CPU --qsys true --simulation_enabled false --id 0 --sidp 0x8109040 --timestamp 1580371075 --stderr_dev JTAG_UART --stdin_dev JTAG_UART --stdout_dev JTAG_UART --sopc_system_name nios_system --quartus_project_dir "C:/Users/qforcio/Desktop/A3/TP1/PARTIE2/sys_emb" --sopcinfo C:/Users/qforcio/Desktop/A3/TP1/PARTIE2/sys_emb/nios_system.sopcinfo
Info: (hello_world2.elf) 8376 Bytes program size (code + initialized data).
Info:                    8183 KBytes free for stack + heap.
Info: Creating hello_world2.objdump
nios2-elf-objdump --disassemble --syms --all-header --source hello_world2.elf >hello_world2.objdump
[hello_world2 build complete]

**** Build Finished ****

**** Build of configuration Nios II for project hello_world2 ****

make all 
Info: Building ../hello_world2_bsp/
make --no-print-directory -C ../hello_world2_bsp/
[BSP build complete]
[hello_world2 build complete]

**** Build Finished ****
