Info: Starting: Create block symbol file (.bsf)
Info: ip-generate --project-directory=C:/Users/qforcio/Desktop/A3/TP1/PARTIE2/sys_emb/ --output-directory=C:/Users/qforcio/Desktop/A3/TP1/PARTIE2/sys_emb/nios_system/ --report-file=bsf:C:/Users/qforcio/Desktop/A3/TP1/PARTIE2/sys_emb/nios_system.bsf --system-info=DEVICE_FAMILY="Cyclone II" --system-info=DEVICE=EP2C20F484C7 --system-info=DEVICE_SPEEDGRADE=7 --component-file=C:/Users/qforcio/Desktop/A3/TP1/PARTIE2/sys_emb/nios_system.qsys
Progress: Loading sys_emb/nios_system.qsys
Progress: Reading input file
Progress: Adding clk_0 [clock_source 13.0]
Progress: Parameterizing module clk_0
Progress: Adding ONCHIP [altera_avalon_onchip_memory2 13.0.1.99.2]
Progress: Parameterizing module ONCHIP
Progress: Adding SSRAM_CONTROLLER [altera_up_avalon_sram 13.0]
Progress: Parameterizing module SSRAM_CONTROLLER
Progress: Adding SDRAM_CONTROLLER [altera_avalon_new_sdram_controller 13.0.1.99.2]
Progress: Parameterizing module SDRAM_CONTROLLER
Progress: Adding CPU [altera_nios2_qsys 13.0]
Progress: Parameterizing module CPU
Progress: Adding JTAG_UART [altera_avalon_jtag_uart 13.0.1.99.2]
Progress: Parameterizing module JTAG_UART
Progress: Adding sysid [altera_avalon_sysid_qsys 13.0]
Progress: Parameterizing module sysid
Progress: Adding SWITCHES_IN [altera_avalon_pio 13.0.1.99.2]
Progress: Parameterizing module SWITCHES_IN
Progress: Adding LEDR [altera_avalon_pio 13.0.1.99.2]
Progress: Parameterizing module LEDR
Progress: Adding TIMER [altera_avalon_timer 13.0.1.99.2]
Progress: Parameterizing module TIMER
Progress: Building connections
Progress: Parameterizing connections
Progress: Validating
Progress: Done reading input file
Info: nios_system.sysid: System ID is not assigned automatically. Edit the System ID parameter to provide a unique ID
Info: nios_system.sysid: Time stamp will be automatically updated when this component is generated.
Info: nios_system.SWITCHES_IN: PIO inputs are not hardwired in test bench. Undefined values will be read from PIO inputs during simulation.
Info: ip-generate succeeded.
Info: Finished: Create block symbol file (.bsf)
Info: 
Info: Starting: Create HDL design files for synthesis
Info: ip-generate --project-directory=C:/Users/qforcio/Desktop/A3/TP1/PARTIE2/sys_emb/ --output-directory=C:/Users/qforcio/Desktop/A3/TP1/PARTIE2/sys_emb/nios_system/synthesis/ --file-set=QUARTUS_SYNTH --report-file=sopcinfo:C:/Users/qforcio/Desktop/A3/TP1/PARTIE2/sys_emb/nios_system.sopcinfo --report-file=html:C:/Users/qforcio/Desktop/A3/TP1/PARTIE2/sys_emb/nios_system.html --report-file=qip:C:/Users/qforcio/Desktop/A3/TP1/PARTIE2/sys_emb/nios_system/synthesis/nios_system.qip --report-file=cmp:C:/Users/qforcio/Desktop/A3/TP1/PARTIE2/sys_emb/nios_system.cmp --report-file=svd --system-info=DEVICE_FAMILY="Cyclone II" --system-info=DEVICE=EP2C20F484C7 --system-info=DEVICE_SPEEDGRADE=7 --component-file=C:/Users/qforcio/Desktop/A3/TP1/PARTIE2/sys_emb/nios_system.qsys --language=VHDL
Progress: Loading sys_emb/nios_system.qsys
Progress: Reading input file
Progress: Adding clk_0 [clock_source 13.0]
Progress: Parameterizing module clk_0
Progress: Adding ONCHIP [altera_avalon_onchip_memory2 13.0.1.99.2]
Progress: Parameterizing module ONCHIP
Progress: Adding SSRAM_CONTROLLER [altera_up_avalon_sram 13.0]
Progress: Parameterizing module SSRAM_CONTROLLER
Progress: Adding SDRAM_CONTROLLER [altera_avalon_new_sdram_controller 13.0.1.99.2]
Progress: Parameterizing module SDRAM_CONTROLLER
Progress: Adding CPU [altera_nios2_qsys 13.0]
Progress: Parameterizing module CPU
Progress: Adding JTAG_UART [altera_avalon_jtag_uart 13.0.1.99.2]
Progress: Parameterizing module JTAG_UART
Progress: Adding sysid [altera_avalon_sysid_qsys 13.0]
Progress: Parameterizing module sysid
Progress: Adding SWITCHES_IN [altera_avalon_pio 13.0.1.99.2]
Progress: Parameterizing module SWITCHES_IN
Progress: Adding LEDR [altera_avalon_pio 13.0.1.99.2]
Progress: Parameterizing module LEDR
Progress: Adding TIMER [altera_avalon_timer 13.0.1.99.2]
Progress: Parameterizing module TIMER
Progress: Building connections
Progress: Parameterizing connections
Progress: Validating
Progress: Done reading input file
Info: nios_system.sysid: System ID is not assigned automatically. Edit the System ID parameter to provide a unique ID
Info: nios_system.sysid: Time stamp will be automatically updated when this component is generated.
Info: nios_system.SWITCHES_IN: PIO inputs are not hardwired in test bench. Undefined values will be read from PIO inputs during simulation.
Info: nios_system: Generating nios_system "nios_system" for QUARTUS_SYNTH
Info: pipeline_bridge_swap_transform: After transform: 10 modules, 33 connections
Info: No custom instruction connections, skipping transform 
Info: merlin_translator_transform: After transform: 21 modules, 66 connections
Info: merlin_domain_transform: After transform: 44 modules, 181 connections
Info: merlin_router_transform: After transform: 55 modules, 214 connections
Info: merlin_traffic_limiter_transform: After transform: 57 modules, 222 connections
Info: merlin_burst_transform: After transform: 59 modules, 228 connections
Info: reset_adaptation_transform: After transform: 61 modules, 232 connections
Info: merlin_network_to_switch_transform: After transform: 82 modules, 280 connections
Info: merlin_width_transform: After transform: 86 modules, 292 connections
Info: limiter_update_transform: After transform: 86 modules, 294 connections
Info: merlin_mm_transform: After transform: 86 modules, 294 connections
Info: merlin_interrupt_mapper_transform: After transform: 87 modules, 297 connections
Warning: nios_system: "No matching role found for rst_controller:reset_out:reset_req (reset_req)"
Warning: nios_system: "No matching role found for rst_controller:reset_out:reset_req (reset_req)"
Warning: nios_system: "No matching role found for rst_controller:reset_out:reset_req (reset_req)"
Warning: nios_system: "No matching role found for rst_controller:reset_out:reset_req (reset_req)"
Warning: nios_system: "No matching role found for rst_controller:reset_out:reset_req (reset_req)"
Warning: nios_system: "No matching role found for rst_controller:reset_out:reset_req (reset_req)"
Warning: nios_system: "No matching role found for rst_controller:reset_out:reset_req (reset_req)"
Warning: nios_system: "No matching role found for rst_controller:reset_out:reset_req (reset_req)"
Warning: nios_system: "No matching role found for rst_controller:reset_out:reset_req (reset_req)"
Warning: nios_system: "No matching role found for rst_controller:reset_out:reset_req (reset_req)"
Warning: nios_system: "No matching role found for rst_controller:reset_out:reset_req (reset_req)"
Warning: nios_system: "No matching role found for rst_controller:reset_out:reset_req (reset_req)"
Warning: nios_system: "No matching role found for rst_controller:reset_out:reset_req (reset_req)"
Warning: nios_system: "No matching role found for rst_controller:reset_out:reset_req (reset_req)"
Warning: nios_system: "No matching role found for rst_controller:reset_out:reset_req (reset_req)"
Warning: nios_system: "No matching role found for rst_controller:reset_out:reset_req (reset_req)"
Warning: nios_system: "No matching role found for rst_controller:reset_out:reset_req (reset_req)"
Warning: nios_system: "No matching role found for rst_controller:reset_out:reset_req (reset_req)"
Warning: nios_system: "No matching role found for rst_controller:reset_out:reset_req (reset_req)"
Warning: nios_system: "No matching role found for rst_controller:reset_out:reset_req (reset_req)"
Warning: nios_system: "No matching role found for rst_controller:reset_out:reset_req (reset_req)"
Warning: nios_system: "No matching role found for rst_controller:reset_out:reset_req (reset_req)"
Warning: nios_system: "No matching role found for rst_controller:reset_out:reset_req (reset_req)"
Warning: nios_system: "No matching role found for rst_controller:reset_out:reset_req (reset_req)"
Warning: nios_system: "No matching role found for rst_controller:reset_out:reset_req (reset_req)"
Warning: nios_system: "No matching role found for rst_controller:reset_out:reset_req (reset_req)"
Warning: nios_system: "No matching role found for rst_controller:reset_out:reset_req (reset_req)"
Warning: nios_system: "No matching role found for rst_controller:reset_out:reset_req (reset_req)"
Warning: nios_system: "No matching role found for rst_controller:reset_out:reset_req (reset_req)"
Warning: nios_system: "No matching role found for rst_controller:reset_out:reset_req (reset_req)"
Warning: nios_system: "No matching role found for rst_controller:reset_out:reset_req (reset_req)"
Warning: nios_system: "No matching role found for rst_controller:reset_out:reset_req (reset_req)"
Warning: nios_system: "No matching role found for rst_controller:reset_out:reset_req (reset_req)"
Warning: nios_system: "No matching role found for rst_controller:reset_out:reset_req (reset_req)"
Warning: nios_system: "No matching role found for rst_controller:reset_out:reset_req (reset_req)"
Warning: nios_system: "No matching role found for rst_controller:reset_out:reset_req (reset_req)"
Warning: nios_system: "No matching role found for rst_controller:reset_out:reset_req (reset_req)"
Warning: nios_system: "No matching role found for rst_controller:reset_out:reset_req (reset_req)"
Warning: nios_system: "No matching role found for rst_controller:reset_out:reset_req (reset_req)"
Warning: nios_system: "No matching role found for rst_controller:reset_out:reset_req (reset_req)"
Warning: nios_system: "No matching role found for rst_controller:reset_out:reset_req (reset_req)"
Warning: nios_system: "No matching role found for rst_controller:reset_out:reset_req (reset_req)"
Warning: nios_system: "No matching role found for rst_controller:reset_out:reset_req (reset_req)"
Warning: nios_system: "No matching role found for rst_controller:reset_out:reset_req (reset_req)"
Warning: nios_system: "No matching role found for rst_controller:reset_out:reset_req (reset_req)"
Warning: nios_system: "No matching role found for rst_controller:reset_out:reset_req (reset_req)"
Warning: nios_system: "No matching role found for rst_controller:reset_out:reset_req (reset_req)"
Warning: nios_system: "No matching role found for rst_controller:reset_out:reset_req (reset_req)"
Info: ONCHIP: Starting RTL generation for module 'nios_system_ONCHIP'
Info: ONCHIP:   Generation command is [exec C:/altera/13.0sp1/quartus/bin/perl/bin/perl.exe -I C:/altera/13.0sp1/quartus/common/ip/altera/common/perl/5.8.3 -I C:/altera/13.0sp1/quartus/sopc_builder/bin/europa -I C:/altera/13.0sp1/quartus/sopc_builder/bin/perl_lib -I C:/altera/13.0sp1/quartus/sopc_builder/bin -I C:/altera/13.0sp1/quartus/../ip/altera/sopc_builder_ip/common -I C:/altera/13.0sp1/quartus/../ip/altera/sopc_builder_ip/altera_avalon_onchip_memory2 -- C:/altera/13.0sp1/quartus/../ip/altera/sopc_builder_ip/altera_avalon_onchip_memory2/generate_rtl.pl --name=nios_system_ONCHIP --dir=C:/Users/qforcio/AppData/Local/Temp/alt8298_2140402102043738721.dir/0001_ONCHIP_gen/ --quartus_dir=C:/altera/13.0sp1/quartus --verilog --config=C:/Users/qforcio/AppData/Local/Temp/alt8298_2140402102043738721.dir/0001_ONCHIP_gen//nios_system_ONCHIP_component_configuration.pl  --do_build_sim=0  ]
Info: ONCHIP: Done RTL generation for module 'nios_system_ONCHIP'
Info: ONCHIP: "nios_system" instantiated altera_avalon_onchip_memory2 "ONCHIP"
Info: SSRAM_CONTROLLER: Starting Generation of SRAM or SSRAM Controller
Info: SSRAM_CONTROLLER: "nios_system" instantiated altera_up_avalon_sram "SSRAM_CONTROLLER"
Info: SDRAM_CONTROLLER: Starting RTL generation for module 'nios_system_SDRAM_CONTROLLER'
Info: SDRAM_CONTROLLER:   Generation command is [exec C:/altera/13.0sp1/quartus/bin/perl/bin/perl.exe -I C:/altera/13.0sp1/quartus/common/ip/altera/common/perl/5.8.3 -I C:/altera/13.0sp1/quartus/sopc_builder/bin/europa -I C:/altera/13.0sp1/quartus/sopc_builder/bin/perl_lib -I C:/altera/13.0sp1/quartus/sopc_builder/bin -I C:/altera/13.0sp1/quartus/../ip/altera/sopc_builder_ip/common -I C:/altera/13.0sp1/quartus/../ip/altera/sopc_builder_ip/altera_avalon_new_sdram_controller -- C:/altera/13.0sp1/quartus/../ip/altera/sopc_builder_ip/altera_avalon_new_sdram_controller/generate_rtl.pl --name=nios_system_SDRAM_CONTROLLER --dir=C:/Users/qforcio/AppData/Local/Temp/alt8298_2140402102043738721.dir/0003_SDRAM_CONTROLLER_gen/ --quartus_dir=C:/altera/13.0sp1/quartus --verilog --config=C:/Users/qforcio/AppData/Local/Temp/alt8298_2140402102043738721.dir/0003_SDRAM_CONTROLLER_gen//nios_system_SDRAM_CONTROLLER_component_configuration.pl  --do_build_sim=0  ]
Info: SDRAM_CONTROLLER: Done RTL generation for module 'nios_system_SDRAM_CONTROLLER'
Info: SDRAM_CONTROLLER: "nios_system" instantiated altera_avalon_new_sdram_controller "SDRAM_CONTROLLER"
Info: CPU: Starting RTL generation for module 'nios_system_CPU'
Info: CPU:   Generation command is [exec C:/altera/13.0sp1/quartus/../ip/altera/nios2_ip/altera_nios2/eperl.exe -I C:/altera/13.0sp1/quartus/common/ip/altera/common/perl/5.8.3 -I C:/altera/13.0sp1/quartus/sopc_builder/bin/europa -I C:/altera/13.0sp1/quartus/sopc_builder/bin/perl_lib -I C:/altera/13.0sp1/quartus/sopc_builder/bin -I C:/altera/13.0sp1/quartus/../ip/altera/nios2_ip/altera_nios2/cpu_lib -I C:/altera/13.0sp1/quartus/../ip/altera/nios2_ip/altera_nios2/nios_lib -I C:/altera/13.0sp1/quartus/../ip/altera/nios2_ip/altera_nios2 -I C:/altera/13.0sp1/quartus/../ip/altera/nios2_ip/altera_nios2 -- C:/altera/13.0sp1/quartus/../ip/altera/nios2_ip/altera_nios2/generate_rtl.epl --name=nios_system_CPU --dir=C:/Users/qforcio/AppData/Local/Temp/alt8298_2140402102043738721.dir/0004_CPU_gen/ --quartus_dir=C:/altera/13.0sp1/quartus --verilog --config=C:/Users/qforcio/AppData/Local/Temp/alt8298_2140402102043738721.dir/0004_CPU_gen//nios_system_CPU_processor_configuration.pl  --do_build_sim=0    --bogus  ]
Info: CPU: # 2020.02.06 12:14:01 (*) Starting Nios II generation
Info: CPU: # 2020.02.06 12:14:01 (*)   Checking for plaintext license.
Info: CPU: # 2020.02.06 12:14:17 (*)   Plaintext license not found.
Info: CPU: # 2020.02.06 12:14:17 (*)   Checking for encrypted license (non-evaluation).
Info: CPU: # 2020.02.06 12:14:27 (*)   Encrypted license found.  SOF will not be time-limited.
Info: CPU: # 2020.02.06 12:14:27 (*)   Elaborating CPU configuration settings
Info: CPU: # 2020.02.06 12:14:27 (*)   Creating all objects for CPU
Info: CPU: # 2020.02.06 12:14:27 (*)     Testbench
Info: CPU: # 2020.02.06 12:14:27 (*)     Instruction decoding
Info: CPU: # 2020.02.06 12:14:27 (*)       Instruction fields
Info: CPU: # 2020.02.06 12:14:27 (*)       Instruction decodes
Info: CPU: # 2020.02.06 12:14:28 (*)       Signals for RTL simulation waveforms
Info: CPU: # 2020.02.06 12:14:28 (*)       Instruction controls
Info: CPU: # 2020.02.06 12:14:28 (*)     Pipeline frontend
Info: CPU: # 2020.02.06 12:14:28 (*)     Pipeline backend
Info: CPU: # 2020.02.06 12:14:31 (*)   Generating RTL from CPU objects
Info: CPU: # 2020.02.06 12:14:34 (*)   Creating encrypted RTL
Info: CPU: # 2020.02.06 12:14:36 (*) Done Nios II generation
Info: CPU: Done RTL generation for module 'nios_system_CPU'
Info: CPU: "nios_system" instantiated altera_nios2_qsys "CPU"
Info: JTAG_UART: Starting RTL generation for module 'nios_system_JTAG_UART'
Info: JTAG_UART:   Generation command is [exec C:/altera/13.0sp1/quartus/bin/perl/bin/perl.exe -I C:/altera/13.0sp1/quartus/common/ip/altera/common/perl/5.8.3 -I C:/altera/13.0sp1/quartus/sopc_builder/bin/europa -I C:/altera/13.0sp1/quartus/sopc_builder/bin/perl_lib -I C:/altera/13.0sp1/quartus/sopc_builder/bin -I C:/altera/13.0sp1/quartus/../ip/altera/sopc_builder_ip/common -I C:/altera/13.0sp1/quartus/../ip/altera/sopc_builder_ip/altera_avalon_jtag_uart -- C:/altera/13.0sp1/quartus/../ip/altera/sopc_builder_ip/altera_avalon_jtag_uart/generate_rtl.pl --name=nios_system_JTAG_UART --dir=C:/Users/qforcio/AppData/Local/Temp/alt8298_2140402102043738721.dir/0005_JTAG_UART_gen/ --quartus_dir=C:/altera/13.0sp1/quartus --verilog --config=C:/Users/qforcio/AppData/Local/Temp/alt8298_2140402102043738721.dir/0005_JTAG_UART_gen//nios_system_JTAG_UART_component_configuration.pl  --do_build_sim=0  ]
Info: JTAG_UART: Done RTL generation for module 'nios_system_JTAG_UART'
Info: JTAG_UART: "nios_system" instantiated altera_avalon_jtag_uart "JTAG_UART"
Info: sysid: "nios_system" instantiated altera_avalon_sysid_qsys "sysid"
Info: SWITCHES_IN: Starting RTL generation for module 'nios_system_SWITCHES_IN'
Info: SWITCHES_IN:   Generation command is [exec C:/altera/13.0sp1/quartus/bin/perl/bin/perl.exe -I C:/altera/13.0sp1/quartus/common/ip/altera/common/perl/5.8.3 -I C:/altera/13.0sp1/quartus/sopc_builder/bin/europa -I C:/altera/13.0sp1/quartus/sopc_builder/bin/perl_lib -I C:/altera/13.0sp1/quartus/sopc_builder/bin -I C:/altera/13.0sp1/quartus/../ip/altera/sopc_builder_ip/common -I C:/altera/13.0sp1/quartus/../ip/altera/sopc_builder_ip/altera_avalon_pio -- C:/altera/13.0sp1/quartus/../ip/altera/sopc_builder_ip/altera_avalon_pio/generate_rtl.pl --name=nios_system_SWITCHES_IN --dir=C:/Users/qforcio/AppData/Local/Temp/alt8298_2140402102043738721.dir/0007_SWITCHES_IN_gen/ --quartus_dir=C:/altera/13.0sp1/quartus --verilog --config=C:/Users/qforcio/AppData/Local/Temp/alt8298_2140402102043738721.dir/0007_SWITCHES_IN_gen//nios_system_SWITCHES_IN_component_configuration.pl  --do_build_sim=0  ]
Info: SWITCHES_IN: Done RTL generation for module 'nios_system_SWITCHES_IN'
Info: SWITCHES_IN: "nios_system" instantiated altera_avalon_pio "SWITCHES_IN"
Info: LEDR: Starting RTL generation for module 'nios_system_LEDR'
Info: LEDR:   Generation command is [exec C:/altera/13.0sp1/quartus/bin/perl/bin/perl.exe -I C:/altera/13.0sp1/quartus/common/ip/altera/common/perl/5.8.3 -I C:/altera/13.0sp1/quartus/sopc_builder/bin/europa -I C:/altera/13.0sp1/quartus/sopc_builder/bin/perl_lib -I C:/altera/13.0sp1/quartus/sopc_builder/bin -I C:/altera/13.0sp1/quartus/../ip/altera/sopc_builder_ip/common -I C:/altera/13.0sp1/quartus/../ip/altera/sopc_builder_ip/altera_avalon_pio -- C:/altera/13.0sp1/quartus/../ip/altera/sopc_builder_ip/altera_avalon_pio/generate_rtl.pl --name=nios_system_LEDR --dir=C:/Users/qforcio/AppData/Local/Temp/alt8298_2140402102043738721.dir/0008_LEDR_gen/ --quartus_dir=C:/altera/13.0sp1/quartus --verilog --config=C:/Users/qforcio/AppData/Local/Temp/alt8298_2140402102043738721.dir/0008_LEDR_gen//nios_system_LEDR_component_configuration.pl  --do_build_sim=0  ]
Info: LEDR: Done RTL generation for module 'nios_system_LEDR'
Info: LEDR: "nios_system" instantiated altera_avalon_pio "LEDR"
Info: TIMER: Starting RTL generation for module 'nios_system_TIMER'
Info: TIMER:   Generation command is [exec C:/altera/13.0sp1/quartus/bin/perl/bin/perl.exe -I C:/altera/13.0sp1/quartus/common/ip/altera/common/perl/5.8.3 -I C:/altera/13.0sp1/quartus/sopc_builder/bin/europa -I C:/altera/13.0sp1/quartus/sopc_builder/bin/perl_lib -I C:/altera/13.0sp1/quartus/sopc_builder/bin -I C:/altera/13.0sp1/quartus/../ip/altera/sopc_builder_ip/common -I C:/altera/13.0sp1/quartus/../ip/altera/sopc_builder_ip/altera_avalon_timer -- C:/altera/13.0sp1/quartus/../ip/altera/sopc_builder_ip/altera_avalon_timer/generate_rtl.pl --name=nios_system_TIMER --dir=C:/Users/qforcio/AppData/Local/Temp/alt8298_2140402102043738721.dir/0009_TIMER_gen/ --quartus_dir=C:/altera/13.0sp1/quartus --verilog --config=C:/Users/qforcio/AppData/Local/Temp/alt8298_2140402102043738721.dir/0009_TIMER_gen//nios_system_TIMER_component_configuration.pl  --do_build_sim=0  ]
Info: TIMER: Done RTL generation for module 'nios_system_TIMER'
Info: TIMER: "nios_system" instantiated altera_avalon_timer "TIMER"
Info: CPU_instruction_master_translator: "nios_system" instantiated altera_merlin_master_translator "CPU_instruction_master_translator"
Info: CPU_jtag_debug_module_translator: "nios_system" instantiated altera_merlin_slave_translator "CPU_jtag_debug_module_translator"
Info: CPU_instruction_master_translator_avalon_universal_master_0_agent: "nios_system" instantiated altera_merlin_master_agent "CPU_instruction_master_translator_avalon_universal_master_0_agent"
Info: CPU_jtag_debug_module_translator_avalon_universal_slave_0_agent: "nios_system" instantiated altera_merlin_slave_agent "CPU_jtag_debug_module_translator_avalon_universal_slave_0_agent"
Info: CPU_jtag_debug_module_translator_avalon_universal_slave_0_agent_rsp_fifo: "nios_system" instantiated altera_avalon_sc_fifo "CPU_jtag_debug_module_translator_avalon_universal_slave_0_agent_rsp_fifo"
Info: addr_router: "nios_system" instantiated altera_merlin_router "addr_router"
Info: addr_router_001: "nios_system" instantiated altera_merlin_router "addr_router_001"
Info: id_router: "nios_system" instantiated altera_merlin_router "id_router"
Info: id_router_001: "nios_system" instantiated altera_merlin_router "id_router_001"
Info: id_router_004: "nios_system" instantiated altera_merlin_router "id_router_004"
Info: limiter: "nios_system" instantiated altera_merlin_traffic_limiter "limiter"
Info: burst_adapter: "nios_system" instantiated altera_merlin_burst_adapter "burst_adapter"
Info: rst_controller: "nios_system" instantiated altera_reset_controller "rst_controller"
Info: cmd_xbar_demux: "nios_system" instantiated altera_merlin_demultiplexer "cmd_xbar_demux"
Info: cmd_xbar_demux_001: "nios_system" instantiated altera_merlin_demultiplexer "cmd_xbar_demux_001"
Info: cmd_xbar_mux: "nios_system" instantiated altera_merlin_multiplexer "cmd_xbar_mux"
Info: rsp_xbar_demux: "nios_system" instantiated altera_merlin_demultiplexer "rsp_xbar_demux"
Info: rsp_xbar_demux_004: "nios_system" instantiated altera_merlin_demultiplexer "rsp_xbar_demux_004"
Info: rsp_xbar_mux: "nios_system" instantiated altera_merlin_multiplexer "rsp_xbar_mux"
Info: Reusing file C:/Users/qforcio/Desktop/A3/TP1/PARTIE2/sys_emb/nios_system/synthesis/submodules/altera_merlin_arbitrator.sv
Info: rsp_xbar_mux_001: "nios_system" instantiated altera_merlin_multiplexer "rsp_xbar_mux_001"
Info: Reusing file C:/Users/qforcio/Desktop/A3/TP1/PARTIE2/sys_emb/nios_system/synthesis/submodules/altera_merlin_arbitrator.sv
Info: width_adapter: "nios_system" instantiated altera_merlin_width_adapter "width_adapter"
Info: Reusing file C:/Users/qforcio/Desktop/A3/TP1/PARTIE2/sys_emb/nios_system/synthesis/submodules/altera_merlin_address_alignment.sv
Info: Reusing file C:/Users/qforcio/Desktop/A3/TP1/PARTIE2/sys_emb/nios_system/synthesis/submodules/altera_merlin_burst_uncompressor.sv
Info: irq_mapper: "nios_system" instantiated altera_irq_mapper "irq_mapper"
Info: nios_system: Done nios_system" with 32 modules, 174 files, 3770304 bytes
Info: ip-generate succeeded.
Info: Finished: Create HDL design files for synthesis
